
Showing logs for build [32mcb-kubecd-environment-pr-199-57-g7crg-1[0m stage [32mfrom-build-pack[0m and container [32mstep-credential-initializer-kbgmb[0m
{"level":"warn","ts":1586637605.693856,"logger":"fallback-logger","caller":"logging/config.go:69","msg":"Fetch GitHub commit ID from kodata failed: \"ref: refs/heads/0.8.0-**-support-backwards-incompats\" is not a valid GitHub commit ID"}
{"level":"info","ts":1586637605.6945343,"logger":"fallback-logger","caller":"creds-init/main.go:40","msg":"Credentials initialized."}

Showing logs for build [32mcb-kubecd-environment-pr-199-57-g7crg-1[0m stage [32mfrom-build-pack[0m and container [32mstep-working-dir-initializer-5sxlr[0m
{"level":"warn","ts":1586637606.7167578,"logger":"fallback-logger","caller":"logging/config.go:69","msg":"Fetch GitHub commit ID from kodata failed: open /var/run/ko/HEAD: no such file or directory"}
{"level":"info","ts":1586637606.7186635,"logger":"fallback-logger","caller":"bash/main.go:64","msg":"Successfully executed command \"sh -c mkdir -p /workspace/source\"; output "}

Showing logs for build [32mcb-kubecd-environment-pr-199-57-g7crg-1[0m stage [32mfrom-build-pack[0m and container [32mstep-place-tools[0m

Showing logs for build [32mcb-kubecd-environment-pr-199-57-g7crg-1[0m stage [32mfrom-build-pack[0m and container [32mstep-git-source-cb-kubecd-environment-pr-199-57-g7crg-5vgqc[0m
{"level":"warn","ts":1586637610.7455812,"logger":"fallback-logger","caller":"logging/config.go:69","msg":"Fetch GitHub commit ID from kodata failed: \"ref: refs/heads/0.8.0-**-support-backwards-incompats\" is not a valid GitHub commit ID"}
{"level":"info","ts":1586637611.7841058,"logger":"fallback-logger","caller":"git/git.go:103","msg":"Successfully cloned https://github.com/cb-kubecd/environment-pr-199-57-boot-gke-production.git @ master in path /workspace/source"}

Showing logs for build [32mcb-kubecd-environment-pr-199-57-g7crg-1[0m stage [32mfrom-build-pack[0m and container [32mstep-git-merge[0m
Using SHAs from PULL_REFS=master:14e7bf34e715f2eb8e8c588e8cf1f6a9bbda7a52,1:dc55fdde89869ea675336fbaf9385e53c17a60de
DEBUG: LC_ALL=C JX_LOG_LEVEL=error git fetch origin --unshallow dc55fdde89869ea675336fbaf9385e53c17a60de: 14e7bf34e715f2eb8e8c588e8cf1f6a9bbda7a52:
DEBUG: ran git fetch --unshallow origin dc55fdde89869ea675336fbaf9385e53c17a60de: 14e7bf34e715f2eb8e8c588e8cf1f6a9bbda7a52: in 
DEBUG: LC_ALL=C JX_LOG_LEVEL=error git branch
DEBUG: LC_ALL=C JX_LOG_LEVEL=error git checkout master
DEBUG: ran git checkout master in 
DEBUG: JX_LOG_LEVEL=error LC_ALL=C git reset --hard 14e7bf34e715f2eb8e8c588e8cf1f6a9bbda7a52
DEBUG: ran git reset --hard 14e7bf34e715f2eb8e8c588e8cf1f6a9bbda7a52 in 
DEBUG: LC_ALL=C JX_LOG_LEVEL=error git clean -fd .
DEBUG: ran clean --force -d . in 
DEBUG: LC_ALL=C JX_LOG_LEVEL=error git merge dc55fdde89869ea675336fbaf9385e53c17a60de
DEBUG: ran git merge dc55fdde89869ea675336fbaf9385e53c17a60de in 
DEBUG: LC_ALL=C JX_LOG_LEVEL=error git log --format=%H%x1f%an%x1f%ae%x1f%cn%x1f%ce%x1f%s%n%b%x1e 14e7bf34e715f2eb8e8c588e8cf1f6a9bbda7a52..HEAD
Merged SHA dc55fdde89869ea675336fbaf9385e53c17a60de with commit message 'chore: Promote bdd-spring-1586636724 to version 0.0.1' into base branch master

Showing logs for build [32mcb-kubecd-environment-pr-199-57-g7crg-1[0m stage [32mfrom-build-pack[0m and container [32mstep-build-helm-build[0m
WARNING: No $CHART_REPOSITORY defined so using the default value of: http://jenkins-x-chartmuseum:8080
Adding missing Helm repo: storage.googleapis.com https://storage.googleapis.com/chartmuseum.jenkins-x.io
WARNING: No secrets found on "helm/repos" due: reading the secret "helm/repos" from vault: no secret "helm/repos" not found in vault
Read credentials for https://storage.googleapis.com/chartmuseum.jenkins-x.io from vault helm/repos
Successfully added Helm repository storage.googleapis.com.
Adding missing Helm repo: jenkins-x-chartmuseum http://jenkins-x-chartmuseum:8080
WARNING: No secrets found on "helm/repos" due: reading the secret "helm/repos" from vault: no secret "helm/repos" not found in vault
Read credentials for http://jenkins-x-chartmuseum:8080 from vault helm/repos
Successfully added Helm repository jenkins-x-chartmuseum.
WARNING: No $CHART_REPOSITORY defined so using the default value of: http://jenkins-x-chartmuseum:8080
Adding missing Helm repo: chartmuseum.jenkins-x.io http://chartmuseum.jenkins-x.io
WARNING: No secrets found on "helm/repos" due: reading the secret "helm/repos" from vault: no secret "helm/repos" not found in vault
Read credentials for http://chartmuseum.jenkins-x.io from vault helm/repos
Successfully added Helm repository chartmuseum.jenkins-x.io.
